<?xml version="1.0" encoding="UTF-8"?>
<testng-results ignored="0" total="1" passed="1" failed="0" skipped="0">
  <reporter-output>
  </reporter-output>
  <suite started-at="2025-01-09T12:00:41 IST" name="Default suite" finished-at="2025-01-09T12:00:52 IST" duration-ms="11110">
    <groups>
    </groups>
    <test started-at="2025-01-09T12:00:41 IST" name="Default test" finished-at="2025-01-09T12:00:52 IST" duration-ms="11110">
      <class name="AnanayMahajan.Tests.Qa_selenium_test">
        <test-method is-config="true" signature="launchapplication()[pri:0, instance:AnanayMahajan.Tests.Qa_selenium_test@7e6f74c]" started-at="2025-01-09T12:00:41 IST" name="launchapplication" finished-at="2025-01-09T12:00:52 IST" duration-ms="10552" status="PASS">
          <reporter-output>
          </reporter-output>
        </test-method> <!-- launchapplication -->
        <test-method signature="testSearchBarForNewYork()[pri:1, instance:AnanayMahajan.Tests.Qa_selenium_test@7e6f74c]" started-at="2025-01-09T12:00:52 IST" name="testSearchBarForNewYork" finished-at="2025-01-09T12:00:52 IST" duration-ms="489" status="PASS">
          <reporter-output>
          </reporter-output>
        </test-method> <!-- testSearchBarForNewYork -->
      </class> <!-- AnanayMahajan.Tests.Qa_selenium_test -->
    </test> <!-- Default test -->
  </suite> <!-- Default suite -->
</testng-results>
